Browser started ready.
Executing: navigate
Executing: snapshot
Executing: navigate
Executing: snapshot
Executing: navigate
Executing: snapshot
Executing: navigate
Executing: snapshot
Executing: navigate
Executing: snapshot
Executing: navigate
Executing: snapshot
Executing: navigate
Executing: snapshot
Executing: navigate
Executing: snapshot
Executing: navigate
Executing: snapshot
Executing: navigate
Executing: snapshot
Executing: navigate
Executing: snapshot
Executing: navigate
Executing: snapshot
Executing: navigate
Executing: snapshot
Executing: navigate
Executing: snapshot
Executing: navigate
Executing: snapshot
Executing: navigate
Executing: screenshot
Executing: snapshot
Executing: navigate
Executing: screenshot
Executing: snapshot
Executing: navigate
Executing: snapshot
Executing: navigate
Executing: snapshot
Executing: navigate
Executing: snapshot
Executing: navigate
Executing: snapshot
Executing: navigate
Executing: snapshot
Executing: navigate
Executing: snapshot
Executing: navigate
Executing: snapshot
Executing: screenshot
Executing: navigate
Executing: snapshot
Executing: navigate
Executing: snapshot
Executing: navigate
Executing: screenshot
Executing: navigate
Executing: snapshot
Executing: navigate
Executing: snapshot
Executing: screenshot
Executing: navigate
Executing: screenshot
Executing: navigate
Executing: screenshot
Executing: navigate
Executing: snapshot
Executing: navigate
Executing: snapshot
Executing: navigate
Executing: screenshot
Executing: navigate
Executing: screenshot
Executing: navigate
Executing: screenshot
Executing: navigate
Executing: screenshot
Executing: navigate
Executing: screenshot
Executing: navigate
Executing: screenshot
Executing: navigate
Executing: snapshot
Executing: screenshot
Executing: navigate
Executing: screenshot
Executing: navigate
Executing: screenshot
Executing: navigate
Executing: screenshot
Executing: navigate
Executing: screenshot
Executing: navigate
Executing: screenshot
Executing: navigate
Executing: screenshot
Executing: navigate
Executing: snapshot
Executing: navigate
Executing: snapshot
Error processing command: TypeError [ERR_INVALID_ARG_TYPE]: The "path" argument must be of type string or an instance of Buffer or URL. Received undefined
    at Object.writeFileSync (node:fs:2434:14)
    at Timeout._onTimeout (/home/nick010639/.openclaw/workspace-tech/skills/playwright-bot-bypass/tools/browser-control.js:75:24) {
  code: 'ERR_INVALID_ARG_TYPE'
}
Executing: navigate
Executing: snapshot
Executing: navigate
Executing: navigate
Executing: snapshot
Executing: screenshot
Executing: screenshot
Executing: snapshot
Executing: navigate
Executing: snapshot
Executing: screenshot
Executing: navigate
Executing: screenshot
Executing: navigate
Executing: snapshot
Executing: screenshot
Executing: navigate
Executing: screenshot
Executing: navigate
Executing: snapshot
Executing: navigate
Executing: snapshot
Executing: navigate
Executing: snapshot
Executing: navigate
Executing: snapshot
Executing: navigate
Executing: snapshot
Executing: navigate
Executing: snapshot
Executing: navigate
Executing: snapshot
